<?xml version="1.0" encoding="UTF-8"?>
<!-- Generated by org.testng.reporters.JUnitReportReporter -->
<testsuite hostname="JiteshParekh" failures="0" tests="3" name="testcases.HomePageTest" time="35.002" errors="0" timestamp="2023-06-07T18:04:36 EDT" skipped="0">
  <testcase classname="testcases.HomePageTest" name="verifyHomePageTitleTest" time="12.454"/>
  <system-out/>
  <testcase classname="testcases.HomePageTest" name="verifyUserNameTest" time="12.542"/>
  <system-out/>
  <testcase classname="testcases.HomePageTest" name="verifyContactsLinkTest" time="10.006"/>
  <system-out/>
</testsuite> <!-- testcases.HomePageTest -->
