<?xml version="1.0" encoding="UTF-8"?>
<!-- Generated by org.testng.reporters.JUnitReportReporter -->
<testsuite hostname="JiteshParekh" failures="0" tests="2" name="testcases.LoginPageTest" time="19.666" errors="0" timestamp="2023-06-07T18:04:36 EDT" skipped="0">
  <testcase classname="testcases.LoginPageTest" name="loginPageTitleTest" time="8.693"/>
  <system-out/>
  <testcase classname="testcases.LoginPageTest" name="loginTest" time="10.973"/>
  <system-out/>
</testsuite> <!-- testcases.LoginPageTest -->
